c:\users\donte\source\repos\online_chat\debug\vc142.pdb
c:\users\donte\source\repos\online_chat\debug\vc142.idb
c:\users\donte\source\repos\online_chat\debug\capp.obj
c:\users\donte\source\repos\online_chat\debug\online_chat.ilk
c:\users\donte\source\repos\online_chat\debug\online_chat.exe
c:\users\donte\source\repos\online_chat\debug\online_chat.pdb
c:\users\donte\source\repos\online_chat\debug\online_chat.obj
c:\users\donte\source\repos\online_chat\debug\online_chat.res
c:\users\donte\source\repos\online_chat\debug\online_chat.tlog\cl.command.1.tlog
c:\users\donte\source\repos\online_chat\debug\online_chat.tlog\cl.read.1.tlog
c:\users\donte\source\repos\online_chat\debug\online_chat.tlog\cl.write.1.tlog
c:\users\donte\source\repos\online_chat\debug\online_chat.tlog\link.6152-cvtres.read.1.tlog
c:\users\donte\source\repos\online_chat\debug\online_chat.tlog\link.6152-cvtres.write.1.tlog
c:\users\donte\source\repos\online_chat\debug\online_chat.tlog\link.6152-rc.read.1.tlog
c:\users\donte\source\repos\online_chat\debug\online_chat.tlog\link.6152-rc.write.1.tlog
c:\users\donte\source\repos\online_chat\debug\online_chat.tlog\link.6152.read.1.tlog
c:\users\donte\source\repos\online_chat\debug\online_chat.tlog\link.6152.write.1.tlog
c:\users\donte\source\repos\online_chat\debug\online_chat.tlog\link.command.1.tlog
c:\users\donte\source\repos\online_chat\debug\online_chat.tlog\link.read.1.tlog
c:\users\donte\source\repos\online_chat\debug\online_chat.tlog\link.write.1.tlog
c:\users\donte\source\repos\online_chat\debug\online_chat.tlog\rc.command.1.tlog
c:\users\donte\source\repos\online_chat\debug\online_chat.tlog\rc.read.1.tlog
c:\users\donte\source\repos\online_chat\debug\online_chat.tlog\rc.write.1.tlog
